C51 COMPILER V9.54   SELECTION                                                             03/19/2018 09:53:24 PAGE 1   


C51 COMPILER V9.54, COMPILATION OF MODULE SELECTION
OBJECT MODULE PLACED IN .\Output\selection.obj
COMPILER INVOKED BY: d:\Keil_v5\C51\BIN\C51.EXE Code\selection.c LARGE OPTIMIZE(4,SPEED) BROWSE INCDIR(..\..\Include) DE
                    -FINE(FOSC_160000) DEBUG OBJECTEXTEND PRINT(.\LST\selection.lst) TABS(2) OBJECT(.\Output\selection.obj)

line level    source

   1          #include "selection.h"
   2          #include "common.h"
   3          #include "rcvpkt.h"
   4          #include "hal.h"
   5          #include "Delay.h"
   6          #include "stdio.h"
   7          
   8          void TX_Phase_ProcessSelect(void)
   9          {
  10   1      //      uint_16 ipa_alg = 0;
  11   1      //      static u8 i;
  12   1            t_ce_cnt_1ms = 0;
  13   1            Enable_coil_power();
  14   1            Delay_ms(2);
  15   1            sipa=GetIpa(); 
  16   1            if(sipa>IPA0)
  17   1              sipa-=IPA0;
  18   1            else
  19   1              sipa=0;
  20   1      
  21   1            Disable_coil_power();
  22   1            printf("Ipa=%hu \n",sipa); 
  23   1      
  24   1      
  25   1      #if FODDET        
  26   1              if(((sipa>300)&&(QC==0))
  27   1            ||((sipa>300)&&(QC==2)))
  28   1              {
  29   2                printf("sipa large!\n");
  30   2                tx_phase = TX_PHASE_SELECT; 
  31   2                return;
  32   2              }
  33   1      #endif  
  34   1           if ((sipa<IPA_THRESHOLD_OBJ_DETECTION)||(sipa>IPA_THRESHOLD_OBJ_DETECTION0)) 
  35   1           {
  36   2                  Delay_ms(5);
  37   2                  tx_phase = TX_PHASE_PING;
  38   2                  return;
  39   2           }
  40   1      
  41   1      }


MODULE INFORMATION:   STATIC OVERLAYABLE
   CODE SIZE        =    212    ----
   CONSTANT SIZE    =     23    ----
   XDATA SIZE       =   ----    ----
   PDATA SIZE       =   ----    ----
   DATA SIZE        =   ----    ----
   IDATA SIZE       =   ----    ----
   BIT SIZE         =   ----    ----
END OF MODULE INFORMATION.


C51 COMPILATION COMPLETE.  0 WARNING(S),  0 ERROR(S)
